/*C3*/SET SCHEMA PUBLIC
DELETE FROM TRACK WHERE ID=14
COMMIT
DELETE FROM TRACK WHERE ID=13
COMMIT
DELETE FROM TRACK WHERE ID=12
COMMIT
/*C6*/SET SCHEMA PUBLIC
DELETE FROM TRACK WHERE ID=11
INSERT INTO TRACK VALUES(11,'adf11')
COMMIT
/*C3*/DELETE FROM TRACK WHERE ID=11
INSERT INTO TRACK VALUES(11,'adf1112')
COMMIT
/*C6*/DELETE FROM TRACK WHERE ID=11
INSERT INTO TRACK VALUES(11,'adf1112afd')
COMMIT
/*C3*/DELETE FROM TRACK WHERE ID=11
COMMIT
DELETE FROM TRACK WHERE ID=10
COMMIT
/*C6*/INSERT INTO TRACK VALUES(15,'zxf')
COMMIT
/*C1*/SET SCHEMA SYSTEM_LOBS
INSERT INTO LOB_IDS VALUES(15,659122,0,30)
ALTER SEQUENCE SYSTEM_LOBS.LOB_ID RESTART WITH 16
COMMIT
DELETE FROM BLOCKS WHERE BLOCK_ADDR=894
INSERT INTO BLOCKS VALUES(894,21,0)
INSERT INTO BLOCKS VALUES(915,2147482732,0)
DELETE FROM BLOCKS WHERE BLOCK_ADDR=894
INSERT INTO LOBS VALUES(894,21,0,15)
COMMIT
/*C6*/INSERT INTO TRACK_GPX VALUES(3,15,15)
SET SCHEMA SYSTEM_LOBS
DELETE FROM LOB_IDS WHERE LOB_ID=15
INSERT INTO LOB_IDS VALUES(15,659122,1,30)
COMMIT
SET SCHEMA PUBLIC
DELETE FROM TRACK_GPX WHERE ID=3
DELETE FROM TRACK WHERE ID=15
SET SCHEMA SYSTEM_LOBS
DELETE FROM LOB_IDS WHERE LOB_ID=15
INSERT INTO LOB_IDS VALUES(15,659122,0,30)
COMMIT
